C:\Users\Admin\source\repos\Students\Students\ClientApp\src\app\app.component.js
C:\Users\Admin\source\repos\Students\Students\ClientApp\src\app\app.component.js.map
C:\Users\Admin\source\repos\Students\Students\ClientApp\src\app\groups\faculty-group.js
C:\Users\Admin\source\repos\Students\Students\ClientApp\src\app\groups\faculty-group.js.map
C:\Users\Admin\source\repos\Students\Students\ClientApp\src\app\app.dataservice.js
C:\Users\Admin\source\repos\Students\Students\ClientApp\src\app\app.dataservice.js.map
C:\Users\Admin\source\repos\Students\Students\ClientApp\src\app\faculty-form\faculty-form.component.js
C:\Users\Admin\source\repos\Students\Students\ClientApp\src\app\faculty-form\faculty-form.component.js.map
C:\Users\Admin\source\repos\Students\Students\ClientApp\src\app\faculty-form\faculty-form.module.js
C:\Users\Admin\source\repos\Students\Students\ClientApp\src\app\faculty-form\faculty-form.module.js.map
C:\Users\Admin\source\repos\Students\Students\ClientApp\src\app\groups\group.component.js
C:\Users\Admin\source\repos\Students\Students\ClientApp\src\app\groups\group.component.js.map
C:\Users\Admin\source\repos\Students\Students\ClientApp\src\app\groups\group.module.js
C:\Users\Admin\source\repos\Students\Students\ClientApp\src\app\groups\group.module.js.map
C:\Users\Admin\source\repos\Students\Students\ClientApp\src\app\students\student-info.js
C:\Users\Admin\source\repos\Students\Students\ClientApp\src\app\students\student-info.js.map
C:\Users\Admin\source\repos\Students\Students\ClientApp\src\app\students\student.component.js
C:\Users\Admin\source\repos\Students\Students\ClientApp\src\app\students\student.component.js.map
C:\Users\Admin\source\repos\Students\Students\ClientApp\src\app\students\student.module.js
C:\Users\Admin\source\repos\Students\Students\ClientApp\src\app\students\student.module.js.map
C:\Users\Admin\source\repos\Students\Students\ClientApp\src\app\app.module.js
C:\Users\Admin\source\repos\Students\Students\ClientApp\src\app\app.module.js.map
C:\Users\Admin\source\repos\Students\Students\ClientApp\src\main.js
C:\Users\Admin\source\repos\Students\Students\ClientApp\src\main.js.map
C:\Users\Admin\source\repos\Students\Students\ClientApp\src\polyfills.js
C:\Users\Admin\source\repos\Students\Students\ClientApp\src\polyfills.js.map
